<?xml version="1.0" encoding="UTF-8"?>
<testng-results skipped="0" failed="0" ignored="0" total="1" passed="1">
  <reporter-output>
  </reporter-output>
  <suite name="Default suite" duration-ms="12531" started-at="2019-06-25T08:01:59Z" finished-at="2019-06-25T08:02:11Z">
    <groups>
    </groups>
    <test name="Default test" duration-ms="12531" started-at="2019-06-25T08:01:59Z" finished-at="2019-06-25T08:02:11Z">
      <class name="com.KeywordDriven.Orange_LogInTest">
        <test-method status="PASS" signature="setup()[pri:0, instance:com.KeywordDriven.Orange_LogInTest@26653222]" name="setup" is-config="true" duration-ms="10116" started-at="2019-06-25T08:01:59Z" finished-at="2019-06-25T08:02:09Z">
          <reporter-output>
          </reporter-output>
        </test-method> <!-- setup -->
        <test-method status="PASS" signature="logIn()[pri:0, instance:com.KeywordDriven.Orange_LogInTest@26653222]" name="logIn" duration-ms="2391" started-at="2019-06-25T08:02:09Z" finished-at="2019-06-25T08:02:11Z">
          <reporter-output>
          </reporter-output>
        </test-method> <!-- logIn -->
      </class> <!-- com.KeywordDriven.Orange_LogInTest -->
    </test> <!-- Default test -->
  </suite> <!-- Default suite -->
</testng-results>
